# JRE version: OpenJDK Runtime Environment Temurin-21.0.9+10 (21.0.9+10) (build 21.0.9+10-LTS)
# Java VM: OpenJDK 64-Bit Server VM Temurin-21.0.9+10 (21.0.9+10-LTS, mixed mode, sharing, tiered, compressed oops, compressed class ptrs, parallel gc, windows-amd64)
GC Precious Log:
 CardTable entry size: 512
 CPUs: 22 total, 22 available
 Memory: 15828M
 Large Page Support: Disabled
 NUMA Support: Disabled
 Compressed Oops: Enabled (32-bit)
 Alignments: Space 512K, Generation 512K, Heap 2M
 Heap Min Capacity: 100M
 Heap Initial Capacity: 100M
 Heap Max Capacity: 2G
 Pre-touch: Disabled
 Parallel Workers: 16
Heap:
 PSYoungGen      total 23552K, used 11371K [0x00000000d5580000, 0x00000000d7280000, 0x0000000100000000)
  eden space 22016K, 45% used [0x00000000d5580000,0x00000000d5f4db18,0x00000000d6b00000)
  from space 1536K, 86% used [0x00000000d7100000,0x00000000d724d310,0x00000000d7280000)
  to   space 1536K, 0% used [0x00000000d6f80000,0x00000000d6f80000,0x00000000d7100000)
 ParOldGen       total 68608K, used 20579K [0x0000000080000000, 0x0000000084300000, 0x00000000d5580000)
  object space 68608K, 29% used [0x0000000080000000,0x0000000081418f10,0x0000000084300000)
 Metaspace       used 43243K, committed 44288K, reserved 1114112K
  class space    used 4672K, committed 5120K, reserved 1048576K
GC Heap History (20 events):
Event: 9.900 GC heap before
{Heap before GC invocations=9 (full 1):
 PSYoungGen      total 28672K, used 4215K [0x00000000d5580000, 0x00000000d7a00000, 0x0000000100000000)
  eden space 24064K, 0% used [0x00000000d5580000,0x00000000d5580000,0x00000000d6d00000)
  from space 4608K, 91% used [0x00000000d7580000,0x00000000d799de28,0x00000000d7a00000)
  to   space 5632K, 0% used [0x00000000d6f00000,0x00000000d6f00000,0x00000000d7480000)
 ParOldGen       total 68608K, used 10646K [0x0000000080000000, 0x0000000084300000, 0x00000000d5580000)
  object space 68608K, 15% used [0x0000000080000000,0x0000000080a658c0,0x0000000084300000)
 Metaspace       used 20704K, committed 21504K, reserved 1114112K
  class space    used 2136K, committed 2496K, reserved 1048576K
}
Event: 9.930 GC heap after
{Heap after GC invocations=9 (full 1):
 PSYoungGen      total 28672K, used 0K [0x00000000d5580000, 0x00000000d7a00000, 0x0000000100000000)
  eden space 24064K, 0% used [0x00000000d5580000,0x00000000d5580000,0x00000000d6d00000)
  from space 4608K, 0% used [0x00000000d7580000,0x00000000d7580000,0x00000000d7a00000)
  to   space 5632K, 0% used [0x00000000d6f00000,0x00000000d6f00000,0x00000000d7480000)
 ParOldGen       total 68608K, used 13683K [0x0000000080000000, 0x0000000084300000, 0x00000000d5580000)
  object space 68608K, 19% used [0x0000000080000000,0x0000000080d5ce10,0x0000000084300000)
 Metaspace       used 20691K, committed 21504K, reserved 1114112K
  class space    used 2132K, committed 2496K, reserved 1048576K
}
Event: 10.166 GC heap before
{Heap before GC invocations=10 (full 1):
 PSYoungGen      total 28672K, used 24064K [0x00000000d5580000, 0x00000000d7a00000, 0x0000000100000000)
  eden space 24064K, 100% used [0x00000000d5580000,0x00000000d6d00000,0x00000000d6d00000)
  from space 4608K, 0% used [0x00000000d7580000,0x00000000d7580000,0x00000000d7a00000)
  to   space 5632K, 0% used [0x00000000d6f00000,0x00000000d6f00000,0x00000000d7480000)
 ParOldGen       total 68608K, used 13683K [0x0000000080000000, 0x0000000084300000, 0x00000000d5580000)
  object space 68608K, 19% used [0x0000000080000000,0x0000000080d5ce10,0x0000000084300000)
 Metaspace       used 24568K, committed 25344K, reserved 1114112K
  class space    used 2420K, committed 2752K, reserved 1048576K
}
Event: 10.168 GC heap after
{Heap after GC invocations=10 (full 1):
 PSYoungGen      total 24576K, used 612K [0x00000000d5580000, 0x00000000d7600000, 0x0000000100000000)
  eden space 23552K, 0% used [0x00000000d5580000,0x00000000d5580000,0x00000000d6c80000)
  from space 1024K, 59% used [0x00000000d6f00000,0x00000000d6f99228,0x00000000d7000000)
  to   space 2560K, 0% used [0x00000000d7380000,0x00000000d7380000,0x00000000d7600000)
 ParOldGen       total 68608K, used 13691K [0x0000000080000000, 0x0000000084300000, 0x00000000d5580000)
  object space 68608K, 19% used [0x0000000080000000,0x0000000080d5ee10,0x0000000084300000)
 Metaspace       used 24568K, committed 25344K, reserved 1114112K
  class space    used 2420K, committed 2752K, reserved 1048576K
}
Event: 10.525 GC heap before
{Heap before GC invocations=11 (full 1):
 PSYoungGen      total 24576K, used 24164K [0x00000000d5580000, 0x00000000d7600000, 0x0000000100000000)
  eden space 23552K, 100% used [0x00000000d5580000,0x00000000d6c80000,0x00000000d6c80000)
  from space 1024K, 59% used [0x00000000d6f00000,0x00000000d6f99228,0x00000000d7000000)
  to   space 2560K, 0% used [0x00000000d7380000,0x00000000d7380000,0x00000000d7600000)
 ParOldGen       total 68608K, used 13691K [0x0000000080000000, 0x0000000084300000, 0x00000000d5580000)
  object space 68608K, 19% used [0x0000000080000000,0x0000000080d5ee10,0x0000000084300000)
 Metaspace       used 25921K, committed 26752K, reserved 1114112K
  class space    used 2524K, committed 2880K, reserved 1048576K
}
Event: 10.527 GC heap after
{Heap after GC invocations=11 (full 1):
 PSYoungGen      total 25600K, used 2538K [0x00000000d5580000, 0x00000000d7600000, 0x0000000100000000)
  eden space 23040K, 0% used [0x00000000d5580000,0x00000000d5580000,0x00000000d6c00000)
  from space 2560K, 99% used [0x00000000d7380000,0x00000000d75fa8d0,0x00000000d7600000)
  to   space 3072K, 0% used [0x00000000d7000000,0x00000000d7000000,0x00000000d7300000)
 ParOldGen       total 68608K, used 13819K [0x0000000080000000, 0x0000000084300000, 0x00000000d5580000)
  object space 68608K, 20% used [0x0000000080000000,0x0000000080d7ee10,0x0000000084300000)
 Metaspace       used 25921K, committed 26752K, reserved 1114112K
  class space    used 2524K, committed 2880K, reserved 1048576K
}
Event: 11.037 GC heap before
{Heap before GC invocations=12 (full 1):
 PSYoungGen      total 25600K, used 25578K [0x00000000d5580000, 0x00000000d7600000, 0x0000000100000000)
  eden space 23040K, 100% used [0x00000000d5580000,0x00000000d6c00000,0x00000000d6c00000)
  from space 2560K, 99% used [0x00000000d7380000,0x00000000d75fa8d0,0x00000000d7600000)
  to   space 3072K, 0% used [0x00000000d7000000,0x00000000d7000000,0x00000000d7300000)
 ParOldGen       total 68608K, used 13819K [0x0000000080000000, 0x0000000084300000, 0x00000000d5580000)
  object space 68608K, 20% used [0x0000000080000000,0x0000000080d7ee10,0x0000000084300000)
 Metaspace       used 29949K, committed 30848K, reserved 1114112K
  class space    used 2979K, committed 3392K, reserved 1048576K
}
Event: 11.040 GC heap after
{Heap after GC invocations=12 (full 1):
 PSYoungGen      total 24064K, used 1504K [0x00000000d5580000, 0x00000000d7400000, 0x0000000100000000)
  eden space 22528K, 0% used [0x00000000d5580000,0x00000000d5580000,0x00000000d6b80000)
  from space 1536K, 97% used [0x00000000d7000000,0x00000000d7178000,0x00000000d7180000)
  to   space 2048K, 0% used [0x00000000d7200000,0x00000000d7200000,0x00000000d7400000)
 ParOldGen       total 68608K, used 16321K [0x0000000080000000, 0x0000000084300000, 0x00000000d5580000)
  object space 68608K, 23% used [0x0000000080000000,0x0000000080ff0758,0x0000000084300000)
 Metaspace       used 29949K, committed 30848K, reserved 1114112K
  class space    used 2979K, committed 3392K, reserved 1048576K
}
Event: 11.327 GC heap before
{Heap before GC invocations=13 (full 1):
 PSYoungGen      total 24064K, used 24032K [0x00000000d5580000, 0x00000000d7400000, 0x0000000100000000)
  eden space 22528K, 100% used [0x00000000d5580000,0x00000000d6b80000,0x00000000d6b80000)
  from space 1536K, 97% used [0x00000000d7000000,0x00000000d7178000,0x00000000d7180000)
  to   space 2048K, 0% used [0x00000000d7200000,0x00000000d7200000,0x00000000d7400000)
 ParOldGen       total 68608K, used 16321K [0x0000000080000000, 0x0000000084300000, 0x00000000d5580000)
  object space 68608K, 23% used [0x0000000080000000,0x0000000080ff0758,0x0000000084300000)
 Metaspace       used 33182K, committed 34176K, reserved 1114112K
  class space    used 3379K, committed 3776K, reserved 1048576K
}
Event: 11.330 GC heap after
{Heap after GC invocations=13 (full 1):
 PSYoungGen      total 24064K, used 1669K [0x00000000d5580000, 0x00000000d7400000, 0x0000000100000000)
  eden space 22016K, 0% used [0x00000000d5580000,0x00000000d5580000,0x00000000d6b00000)
  from space 2048K, 81% used [0x00000000d7200000,0x00000000d73a16b8,0x00000000d7400000)
  to   space 2048K, 0% used [0x00000000d7000000,0x00000000d7000000,0x00000000d7200000)
 ParOldGen       total 68608K, used 17566K [0x0000000080000000, 0x0000000084300000, 0x00000000d5580000)
  object space 68608K, 25% used [0x0000000080000000,0x0000000081127828,0x0000000084300000)
 Metaspace       used 33182K, committed 34176K, reserved 1114112K
  class space    used 3379K, committed 3776K, reserved 1048576K
}
Event: 11.515 GC heap before
{Heap before GC invocations=14 (full 1):
 PSYoungGen      total 24064K, used 18895K [0x00000000d5580000, 0x00000000d7400000, 0x0000000100000000)
  eden space 22016K, 78% used [0x00000000d5580000,0x00000000d66526c0,0x00000000d6b00000)
  from space 2048K, 81% used [0x00000000d7200000,0x00000000d73a16b8,0x00000000d7400000)
  to   space 2048K, 0% used [0x00000000d7000000,0x00000000d7000000,0x00000000d7200000)
 ParOldGen       total 68608K, used 17566K [0x0000000080000000, 0x0000000084300000, 0x00000000d5580000)
  object space 68608K, 25% used [0x0000000080000000,0x0000000081127828,0x0000000084300000)
 Metaspace       used 34915K, committed 35840K, reserved 1114112K
  class space    used 3590K, committed 3968K, reserved 1048576K
}
Event: 11.517 GC heap after
{Heap after GC invocations=14 (full 1):
 PSYoungGen      total 24064K, used 1824K [0x00000000d5580000, 0x00000000d7280000, 0x0000000100000000)
  eden space 22016K, 0% used [0x00000000d5580000,0x00000000d5580000,0x00000000d6b00000)
  from space 2048K, 89% used [0x00000000d7000000,0x00000000d71c8000,0x00000000d7200000)
  to   space 512K, 0% used [0x00000000d7200000,0x00000000d7200000,0x00000000d7280000)
 ParOldGen       total 68608K, used 18964K [0x0000000080000000, 0x0000000084300000, 0x00000000d5580000)
  object space 68608K, 27% used [0x0000000080000000,0x00000000812853c0,0x0000000084300000)
 Metaspace       used 34915K, committed 35840K, reserved 1114112K
  class space    used 3590K, committed 3968K, reserved 1048576K
}
Event: 11.517 GC heap before
{Heap before GC invocations=15 (full 2):
 PSYoungGen      total 24064K, used 1824K [0x00000000d5580000, 0x00000000d7280000, 0x0000000100000000)
  eden space 22016K, 0% used [0x00000000d5580000,0x00000000d5580000,0x00000000d6b00000)
  from space 2048K, 89% used [0x00000000d7000000,0x00000000d71c8000,0x00000000d7200000)
  to   space 512K, 0% used [0x00000000d7200000,0x00000000d7200000,0x00000000d7280000)
 ParOldGen       total 68608K, used 18964K [0x0000000080000000, 0x0000000084300000, 0x00000000d5580000)
  object space 68608K, 27% used [0x0000000080000000,0x00000000812853c0,0x0000000084300000)
 Metaspace       used 34915K, committed 35840K, reserved 1114112K
  class space    used 3590K, committed 3968K, reserved 1048576K
}
Event: 11.555 GC heap after
{Heap after GC invocations=15 (full 2):
 PSYoungGen      total 24064K, used 0K [0x00000000d5580000, 0x00000000d7280000, 0x0000000100000000)
  eden space 22016K, 0% used [0x00000000d5580000,0x00000000d5580000,0x00000000d6b00000)
  from space 2048K, 0% used [0x00000000d7000000,0x00000000d7000000,0x00000000d7200000)
  to   space 512K, 0% used [0x00000000d7200000,0x00000000d7200000,0x00000000d7280000)
 ParOldGen       total 68608K, used 19048K [0x0000000080000000, 0x0000000084300000, 0x00000000d5580000)
  object space 68608K, 27% used [0x0000000080000000,0x000000008129a3a8,0x0000000084300000)
 Metaspace       used 34892K, committed 35840K, reserved 1114112K
  class space    used 3584K, committed 3968K, reserved 1048576K
}
Event: 11.823 GC heap before
{Heap before GC invocations=16 (full 2):
 PSYoungGen      total 24064K, used 22016K [0x00000000d5580000, 0x00000000d7280000, 0x0000000100000000)
  eden space 22016K, 100% used [0x00000000d5580000,0x00000000d6b00000,0x00000000d6b00000)
  from space 2048K, 0% used [0x00000000d7000000,0x00000000d7000000,0x00000000d7200000)
  to   space 512K, 0% used [0x00000000d7200000,0x00000000d7200000,0x00000000d7280000)
 ParOldGen       total 68608K, used 19048K [0x0000000080000000, 0x0000000084300000, 0x00000000d5580000)
  object space 68608K, 27% used [0x0000000080000000,0x000000008129a3a8,0x0000000084300000)
 Metaspace       used 37166K, committed 38208K, reserved 1114112K
  class space    used 3893K, committed 4352K, reserved 1048576K
}
Event: 11.825 GC heap after
{Heap after GC invocations=16 (full 2):
 PSYoungGen      total 22528K, used 496K [0x00000000d5580000, 0x00000000d7280000, 0x0000000100000000)
  eden space 22016K, 0% used [0x00000000d5580000,0x00000000d5580000,0x00000000d6b00000)
  from space 512K, 96% used [0x00000000d7200000,0x00000000d727c010,0x00000000d7280000)
  to   space 1536K, 0% used [0x00000000d6f80000,0x00000000d6f80000,0x00000000d7100000)
 ParOldGen       total 68608K, used 19344K [0x0000000080000000, 0x0000000084300000, 0x00000000d5580000)
  object space 68608K, 28% used [0x0000000080000000,0x00000000812e43a8,0x0000000084300000)
 Metaspace       used 37166K, committed 38208K, reserved 1114112K
  class space    used 3893K, committed 4352K, reserved 1048576K
}
Event: 12.091 GC heap before
{Heap before GC invocations=17 (full 2):
 PSYoungGen      total 22528K, used 22512K [0x00000000d5580000, 0x00000000d7280000, 0x0000000100000000)
  eden space 22016K, 100% used [0x00000000d5580000,0x00000000d6b00000,0x00000000d6b00000)
  from space 512K, 96% used [0x00000000d7200000,0x00000000d727c010,0x00000000d7280000)
  to   space 1536K, 0% used [0x00000000d6f80000,0x00000000d6f80000,0x00000000d7100000)
 ParOldGen       total 68608K, used 19344K [0x0000000080000000, 0x0000000084300000, 0x00000000d5580000)
  object space 68608K, 28% used [0x0000000080000000,0x00000000812e43a8,0x0000000084300000)
 Metaspace       used 39771K, committed 40832K, reserved 1114112K
  class space    used 4245K, committed 4672K, reserved 1048576K
}
Event: 12.093 GC heap after
{Heap after GC invocations=17 (full 2):
 PSYoungGen      total 23552K, used 1324K [0x00000000d5580000, 0x00000000d7280000, 0x0000000100000000)
  eden space 22016K, 0% used [0x00000000d5580000,0x00000000d5580000,0x00000000d6b00000)
  from space 1536K, 86% used [0x00000000d6f80000,0x00000000d70cb398,0x00000000d7100000)
  to   space 1536K, 0% used [0x00000000d7100000,0x00000000d7100000,0x00000000d7280000)
 ParOldGen       total 68608K, used 19784K [0x0000000080000000, 0x0000000084300000, 0x00000000d5580000)
  object space 68608K, 28% used [0x0000000080000000,0x00000000813523a8,0x0000000084300000)
 Metaspace       used 39771K, committed 40832K, reserved 1114112K
  class space    used 4245K, committed 4672K, reserved 1048576K
}
Event: 12.433 GC heap before
{Heap before GC invocations=18 (full 2):
 PSYoungGen      total 23552K, used 23340K [0x00000000d5580000, 0x00000000d7280000, 0x0000000100000000)
  eden space 22016K, 100% used [0x00000000d5580000,0x00000000d6b00000,0x00000000d6b00000)
  from space 1536K, 86% used [0x00000000d6f80000,0x00000000d70cb398,0x00000000d7100000)
  to   space 1536K, 0% used [0x00000000d7100000,0x00000000d7100000,0x00000000d7280000)
 ParOldGen       total 68608K, used 19784K [0x0000000080000000, 0x0000000084300000, 0x00000000d5580000)
  object space 68608K, 28% used [0x0000000080000000,0x00000000813523a8,0x0000000084300000)
 Metaspace       used 42163K, committed 43264K, reserved 1114112K
  class space    used 4536K, committed 4992K, reserved 1048576K
}
Event: 12.434 GC heap after
{Heap after GC invocations=18 (full 2):
 PSYoungGen      total 23552K, used 1332K [0x00000000d5580000, 0x00000000d7280000, 0x0000000100000000)
  eden space 22016K, 0% used [0x00000000d5580000,0x00000000d5580000,0x00000000d6b00000)
  from space 1536K, 86% used [0x00000000d7100000,0x00000000d724d310,0x00000000d7280000)
  to   space 1536K, 0% used [0x00000000d6f80000,0x00000000d6f80000,0x00000000d7100000)
 ParOldGen       total 68608K, used 20579K [0x0000000080000000, 0x0000000084300000, 0x00000000d5580000)
  object space 68608K, 29% used [0x0000000080000000,0x0000000081418f10,0x0000000084300000)
 Metaspace       used 42163K, committed 43264K, reserved 1114112K
  class space    used 4536K, committed 4992K, reserved 1048576K
}

